2022-07-03_21-23-54 [restartedMain] INFO  c.c.ApProfilesMicroserviceApplication - Starting ApProfilesMicroserviceApplication using Java 17.0.2 on DESKTOP-QK65601 with PID 17444 (D:\cognizant training\Project\ArticlePoint\ap-profiles-microservice\target\classes started by HP in D:\cognizant training\Project\ArticlePoint\ap-profiles-microservice)
2022-07-03_21-23-54 [restartedMain] INFO  c.c.ApProfilesMicroserviceApplication - No active profile set, falling back to 1 default profile: "default"
2022-07-03_21-23-54 [restartedMain] INFO  o.s.d.r.c.RepositoryConfigurationDelegate - Bootstrapping Spring Data JPA repositories in DEFAULT mode.
2022-07-03_21-23-54 [restartedMain] INFO  o.s.d.r.c.RepositoryConfigurationDelegate - Finished Spring Data repository scanning in 6 ms. Found 2 JPA repository interfaces.
2022-07-03_21-23-54 [restartedMain] INFO  o.s.cloud.context.scope.GenericScope - BeanFactory id=edb07b01-3fee-3708-8970-ed4052ed562f
2022-07-03_21-23-54 [restartedMain] INFO  o.s.b.w.e.tomcat.TomcatWebServer - Tomcat initialized with port(s): 8500 (http)
2022-07-03_21-23-54 [restartedMain] INFO  o.a.catalina.core.StandardService - Starting service [Tomcat]
2022-07-03_21-23-54 [restartedMain] INFO  o.a.catalina.core.StandardEngine - Starting Servlet engine: [Apache Tomcat/9.0.63]
2022-07-03_21-23-54 [restartedMain] INFO  o.a.c.c.C.[Tomcat-6].[localhost].[/] - Initializing Spring embedded WebApplicationContext
2022-07-03_21-23-54 [restartedMain] INFO  o.s.b.w.s.c.ServletWebServerApplicationContext - Root WebApplicationContext: initialization completed in 717 ms
2022-07-03_21-23-54 [restartedMain] INFO  com.zaxxer.hikari.HikariDataSource - HikariPool-44 - Starting...
2022-07-03_21-23-54 [restartedMain] INFO  com.zaxxer.hikari.HikariDataSource - HikariPool-44 - Start completed.
2022-07-03_21-23-54 [restartedMain] INFO  o.s.b.a.h.H2ConsoleAutoConfiguration - H2 console available at '/h2-console'. Database available at 'jdbc:h2:mem:articledb'
2022-07-03_21-23-54 [restartedMain] INFO  o.h.jpa.internal.util.LogHelper - HHH000204: Processing PersistenceUnitInfo [name: default]
2022-07-03_21-23-54 [restartedMain] INFO  org.hibernate.dialect.Dialect - HHH000400: Using dialect: org.hibernate.dialect.H2Dialect
2022-07-03_21-23-54 [restartedMain] INFO  o.h.e.t.j.p.i.JtaPlatformInitiator - HHH000490: Using JtaPlatform implementation: [org.hibernate.engine.transaction.jta.platform.internal.NoJtaPlatform]
2022-07-03_21-23-54 [restartedMain] INFO  o.s.o.j.LocalContainerEntityManagerFactoryBean - Initialized JPA EntityManagerFactory for persistence unit 'default'
2022-07-03_21-23-54 [restartedMain] INFO  s.d.s.w.PropertySourcedRequestMappingHandlerMapping - Mapped URL path [/v2/api-docs] onto method [springfox.documentation.swagger2.web.Swagger2Controller#getDocumentation(String, HttpServletRequest)]
2022-07-03_21-23-54 [restartedMain] INFO  o.s.b.w.e.tomcat.TomcatWebServer - Tomcat started on port(s): 8500 (http) with context path ''
2022-07-03_21-23-54 [restartedMain] INFO  s.d.s.w.p.DocumentationPluginsBootstrapper - Context refreshed
2022-07-03_21-23-54 [restartedMain] INFO  s.d.s.w.p.DocumentationPluginsBootstrapper - Found 1 custom documentation plugin(s)
2022-07-03_21-23-54 [restartedMain] INFO  s.d.s.w.s.ApiListingReferenceScanner - Scanning for api listing references
2022-07-03_21-23-54 [restartedMain] INFO  c.c.ApProfilesMicroserviceApplication - Started ApProfilesMicroserviceApplication in 4.459 seconds (JVM running for 3553.168)
2022-07-03_21-23-54 [restartedMain] INFO  o.s.b.d.a.ConditionEvaluationDeltaLoggingListener - Condition evaluation unchanged
2022-07-03_21-23-54 [http-nio-8500-exec-1] INFO  o.a.c.c.C.[Tomcat-6].[localhost].[/] - Initializing Spring DispatcherServlet 'dispatcherServlet'
2022-07-03_21-23-54 [http-nio-8500-exec-1] INFO  o.s.web.servlet.DispatcherServlet - Initializing Servlet 'dispatcherServlet'
2022-07-03_21-23-54 [http-nio-8500-exec-1] INFO  o.s.web.servlet.DispatcherServlet - Completed initialization in 1 ms
2022-07-03_21-23-54 [Thread-252] INFO  o.s.o.j.LocalContainerEntityManagerFactoryBean - Closing JPA EntityManagerFactory for persistence unit 'default'
2022-07-03_21-23-54 [Thread-252] INFO  com.zaxxer.hikari.HikariDataSource - HikariPool-44 - Shutdown initiated...
2022-07-03_21-23-54 [Thread-252] INFO  com.zaxxer.hikari.HikariDataSource - HikariPool-44 - Shutdown completed.
