2022-07-03_19-51-32 [restartedMain] INFO  c.c.a.AuthorizatiionMicroserviceApplication - Starting AuthorizatiionMicroserviceApplication using Java 17.0.2 on DESKTOP-QK65601 with PID 8324 (D:\cognizant training\Project\ArticlePoint\Authorizatiion-Microservice\target\classes started by HP in D:\cognizant training\Project\ArticlePoint\Authorizatiion-Microservice)
2022-07-03_19-51-32 [restartedMain] INFO  c.c.a.AuthorizatiionMicroserviceApplication - No active profile set, falling back to default profiles: default
2022-07-03_19-51-32 [restartedMain] INFO  o.s.b.d.e.DevToolsPropertyDefaultsPostProcessor - Devtools property defaults active! Set 'spring.devtools.add-properties' to 'false' to disable
2022-07-03_19-51-32 [restartedMain] INFO  o.s.b.d.e.DevToolsPropertyDefaultsPostProcessor - For additional web related logging consider setting the 'logging.level.web' property to 'DEBUG'
2022-07-03_19-51-32 [restartedMain] INFO  o.s.d.r.c.RepositoryConfigurationDelegate - Bootstrapping Spring Data JPA repositories in DEFAULT mode.
2022-07-03_19-51-32 [restartedMain] INFO  o.s.d.r.c.RepositoryConfigurationDelegate - Finished Spring Data repository scanning in 147 ms. Found 1 JPA repository interfaces.
2022-07-03_19-51-32 [restartedMain] INFO  o.s.cloud.context.scope.GenericScope - BeanFactory id=17a149ef-bdf0-3183-9b89-1dc5d9e72896
2022-07-03_19-51-32 [restartedMain] INFO  o.s.b.w.e.tomcat.TomcatWebServer - Tomcat initialized with port(s): 8400 (http)
2022-07-03_19-51-32 [restartedMain] INFO  o.a.coyote.http11.Http11NioProtocol - Initializing ProtocolHandler ["http-nio-8400"]
2022-07-03_19-51-32 [restartedMain] INFO  o.a.catalina.core.StandardService - Starting service [Tomcat]
2022-07-03_19-51-32 [restartedMain] INFO  o.a.catalina.core.StandardEngine - Starting Servlet engine: [Apache Tomcat/9.0.41]
2022-07-03_19-51-32 [restartedMain] INFO  o.a.c.c.C.[.[localhost].[/auth] - Initializing Spring embedded WebApplicationContext
2022-07-03_19-51-32 [restartedMain] INFO  o.s.b.w.s.c.ServletWebServerApplicationContext - Root WebApplicationContext: initialization completed in 5481 ms
2022-07-03_19-51-32 [restartedMain] INFO  com.zaxxer.hikari.HikariDataSource - HikariPool-1 - Starting...
2022-07-03_19-51-32 [restartedMain] INFO  com.zaxxer.hikari.HikariDataSource - HikariPool-1 - Start completed.
2022-07-03_19-51-32 [restartedMain] INFO  o.s.b.a.h.H2ConsoleAutoConfiguration - H2 console available at '/db'. Database available at 'jdbc:h2:mem:testdb'
2022-07-03_19-51-32 [restartedMain] INFO  o.h.jpa.internal.util.LogHelper - HHH000204: Processing PersistenceUnitInfo [name: default]
2022-07-03_19-51-32 [restartedMain] INFO  org.hibernate.Version - HHH000412: Hibernate ORM core version 5.4.27.Final
2022-07-03_19-51-32 [restartedMain] INFO  o.h.annotations.common.Version - HCANN000001: Hibernate Commons Annotations {5.1.2.Final}
2022-07-03_19-51-32 [restartedMain] INFO  org.hibernate.dialect.Dialect - HHH000400: Using dialect: org.hibernate.dialect.H2Dialect
2022-07-03_19-51-32 [restartedMain] INFO  o.h.e.t.j.p.i.JtaPlatformInitiator - HHH000490: Using JtaPlatform implementation: [org.hibernate.engine.transaction.jta.platform.internal.NoJtaPlatform]
2022-07-03_19-51-32 [restartedMain] INFO  o.s.o.j.LocalContainerEntityManagerFactoryBean - Initialized JPA EntityManagerFactory for persistence unit 'default'
2022-07-03_19-51-32 [restartedMain] INFO  o.s.b.d.a.OptionalLiveReloadServer - LiveReload server is running on port 35729
2022-07-03_19-51-32 [restartedMain] INFO  s.d.s.w.PropertySourcedRequestMappingHandlerMapping - Mapped URL path [/v2/api-docs] onto method [springfox.documentation.swagger2.web.Swagger2Controller#getDocumentation(String, HttpServletRequest)]
2022-07-03_19-51-32 [restartedMain] INFO  o.s.s.web.DefaultSecurityFilterChain - Will secure any request with [org.springframework.security.web.context.request.async.WebAsyncManagerIntegrationFilter@15eead19, org.springframework.security.web.context.SecurityContextPersistenceFilter@597c3cd3, org.springframework.security.web.header.HeaderWriterFilter@24e58572, org.springframework.security.web.authentication.logout.LogoutFilter@48b3905c, com.cts.authorization.config.JwtRequestFilter@3dd11a5e, org.springframework.security.web.savedrequest.RequestCacheAwareFilter@333753f7, org.springframework.security.web.servletapi.SecurityContextHolderAwareRequestFilter@6a54edc2, org.springframework.security.web.authentication.AnonymousAuthenticationFilter@70f0c424, org.springframework.security.web.session.SessionManagementFilter@66a7a80b, org.springframework.security.web.access.ExceptionTranslationFilter@ccd6f69, org.springframework.security.web.access.intercept.FilterSecurityInterceptor@19b049ed]
2022-07-03_19-51-32 [restartedMain] INFO  o.s.s.c.ThreadPoolTaskExecutor - Initializing ExecutorService 'applicationTaskExecutor'
2022-07-03_19-51-32 [restartedMain] INFO  o.a.coyote.http11.Http11NioProtocol - Starting ProtocolHandler ["http-nio-8400"]
2022-07-03_19-51-32 [restartedMain] INFO  o.s.b.w.e.tomcat.TomcatWebServer - Tomcat started on port(s): 8400 (http) with context path '/auth'
2022-07-03_19-51-32 [restartedMain] INFO  s.d.s.w.p.DocumentationPluginsBootstrapper - Context refreshed
2022-07-03_19-51-32 [restartedMain] INFO  s.d.s.w.p.DocumentationPluginsBootstrapper - Found 1 custom documentation plugin(s)
2022-07-03_19-51-32 [restartedMain] INFO  s.d.s.w.s.ApiListingReferenceScanner - Scanning for api listing references
2022-07-03_19-51-32 [restartedMain] INFO  c.c.a.AuthorizatiionMicroserviceApplication - Started AuthorizatiionMicroserviceApplication in 15.601 seconds (JVM running for 18.031)
2022-07-03_19-51-32 [Thread-6] INFO  o.s.s.c.ThreadPoolTaskExecutor - Shutting down ExecutorService 'applicationTaskExecutor'
2022-07-03_19-51-32 [Thread-6] INFO  o.s.o.j.LocalContainerEntityManagerFactoryBean - Closing JPA EntityManagerFactory for persistence unit 'default'
2022-07-03_19-51-32 [Thread-6] INFO  o.h.t.s.i.SchemaDropperImpl$DelayedDropActionImpl - HHH000477: Starting delayed evictData of schema as part of SessionFactory shut-down'
2022-07-03_19-51-32 [Thread-6] INFO  com.zaxxer.hikari.HikariDataSource - HikariPool-1 - Shutdown initiated...
2022-07-03_19-51-32 [Thread-6] INFO  com.zaxxer.hikari.HikariDataSource - HikariPool-1 - Shutdown completed.
2022-07-03_19-54-24 [restartedMain] INFO  c.c.a.AuthorizatiionMicroserviceApplication - Starting AuthorizatiionMicroserviceApplication using Java 17.0.2 on DESKTOP-QK65601 with PID 8324 (D:\cognizant training\Project\ArticlePoint\Authorizatiion-Microservice\target\classes started by HP in D:\cognizant training\Project\ArticlePoint\Authorizatiion-Microservice)
2022-07-03_19-54-24 [restartedMain] INFO  c.c.a.AuthorizatiionMicroserviceApplication - No active profile set, falling back to default profiles: default
2022-07-03_19-54-24 [restartedMain] INFO  o.s.d.r.c.RepositoryConfigurationDelegate - Bootstrapping Spring Data JPA repositories in DEFAULT mode.
2022-07-03_19-54-24 [restartedMain] INFO  o.s.d.r.c.RepositoryConfigurationDelegate - Finished Spring Data repository scanning in 8 ms. Found 1 JPA repository interfaces.
2022-07-03_19-54-24 [restartedMain] INFO  o.s.cloud.context.scope.GenericScope - BeanFactory id=17a149ef-bdf0-3183-9b89-1dc5d9e72896
2022-07-03_19-54-24 [restartedMain] INFO  o.s.b.w.e.tomcat.TomcatWebServer - Tomcat initialized with port(s): 8400 (http)
2022-07-03_19-54-24 [restartedMain] INFO  o.a.coyote.http11.Http11NioProtocol - Initializing ProtocolHandler ["http-nio-8400"]
2022-07-03_19-54-24 [restartedMain] INFO  o.a.catalina.core.StandardService - Starting service [Tomcat]
2022-07-03_19-54-24 [restartedMain] INFO  o.a.catalina.core.StandardEngine - Starting Servlet engine: [Apache Tomcat/9.0.41]
2022-07-03_19-54-24 [restartedMain] INFO  o.a.c.c.C.[.[localhost].[/auth] - Initializing Spring embedded WebApplicationContext
2022-07-03_19-54-24 [restartedMain] INFO  o.s.b.w.s.c.ServletWebServerApplicationContext - Root WebApplicationContext: initialization completed in 521 ms
2022-07-03_19-54-24 [restartedMain] INFO  com.zaxxer.hikari.HikariDataSource - HikariPool-2 - Starting...
2022-07-03_19-54-24 [restartedMain] INFO  com.zaxxer.hikari.HikariDataSource - HikariPool-2 - Start completed.
2022-07-03_19-54-24 [restartedMain] INFO  o.s.b.a.h.H2ConsoleAutoConfiguration - H2 console available at '/db'. Database available at 'jdbc:h2:mem:testdb'
2022-07-03_19-54-24 [restartedMain] INFO  o.h.jpa.internal.util.LogHelper - HHH000204: Processing PersistenceUnitInfo [name: default]
2022-07-03_19-54-24 [restartedMain] INFO  org.hibernate.dialect.Dialect - HHH000400: Using dialect: org.hibernate.dialect.H2Dialect
2022-07-03_19-54-24 [restartedMain] INFO  o.h.e.t.j.p.i.JtaPlatformInitiator - HHH000490: Using JtaPlatform implementation: [org.hibernate.engine.transaction.jta.platform.internal.NoJtaPlatform]
2022-07-03_19-54-24 [restartedMain] INFO  o.s.o.j.LocalContainerEntityManagerFactoryBean - Initialized JPA EntityManagerFactory for persistence unit 'default'
2022-07-03_19-54-24 [restartedMain] INFO  o.s.b.d.a.OptionalLiveReloadServer - LiveReload server is running on port 35729
2022-07-03_19-54-24 [restartedMain] INFO  s.d.s.w.PropertySourcedRequestMappingHandlerMapping - Mapped URL path [/v2/api-docs] onto method [springfox.documentation.swagger2.web.Swagger2Controller#getDocumentation(String, HttpServletRequest)]
2022-07-03_19-54-24 [restartedMain] INFO  o.s.s.web.DefaultSecurityFilterChain - Will secure any request with [org.springframework.security.web.context.request.async.WebAsyncManagerIntegrationFilter@2134d75e, org.springframework.security.web.context.SecurityContextPersistenceFilter@75a2f395, org.springframework.security.web.header.HeaderWriterFilter@e31169, org.springframework.security.web.authentication.logout.LogoutFilter@5c45fd12, com.cts.authorization.config.JwtRequestFilter@1783ae95, org.springframework.security.web.savedrequest.RequestCacheAwareFilter@9cdf23a, org.springframework.security.web.servletapi.SecurityContextHolderAwareRequestFilter@11bdc233, org.springframework.security.web.authentication.AnonymousAuthenticationFilter@471d3ead, org.springframework.security.web.session.SessionManagementFilter@42edaccf, org.springframework.security.web.access.ExceptionTranslationFilter@65332407, org.springframework.security.web.access.intercept.FilterSecurityInterceptor@6c970d04]
2022-07-03_19-54-24 [restartedMain] INFO  o.s.s.c.ThreadPoolTaskExecutor - Initializing ExecutorService 'applicationTaskExecutor'
2022-07-03_19-54-24 [restartedMain] INFO  o.a.coyote.http11.Http11NioProtocol - Starting ProtocolHandler ["http-nio-8400"]
2022-07-03_19-54-24 [restartedMain] INFO  o.s.b.w.e.tomcat.TomcatWebServer - Tomcat started on port(s): 8400 (http) with context path '/auth'
2022-07-03_19-54-24 [restartedMain] INFO  s.d.s.w.p.DocumentationPluginsBootstrapper - Context refreshed
2022-07-03_19-54-24 [restartedMain] INFO  s.d.s.w.p.DocumentationPluginsBootstrapper - Found 1 custom documentation plugin(s)
2022-07-03_19-54-24 [restartedMain] INFO  s.d.s.w.s.ApiListingReferenceScanner - Scanning for api listing references
2022-07-03_19-54-24 [restartedMain] INFO  c.c.a.AuthorizatiionMicroserviceApplication - Started AuthorizatiionMicroserviceApplication in 1.677 seconds (JVM running for 176.986)
2022-07-03_19-54-24 [restartedMain] INFO  o.s.b.d.a.ConditionEvaluationDeltaLoggingListener - Condition evaluation unchanged
2022-07-03_19-54-24 [Thread-11] INFO  o.s.s.c.ThreadPoolTaskExecutor - Shutting down ExecutorService 'applicationTaskExecutor'
2022-07-03_19-54-24 [Thread-11] INFO  o.s.o.j.LocalContainerEntityManagerFactoryBean - Closing JPA EntityManagerFactory for persistence unit 'default'
2022-07-03_19-54-24 [Thread-11] INFO  o.h.t.s.i.SchemaDropperImpl$DelayedDropActionImpl - HHH000477: Starting delayed evictData of schema as part of SessionFactory shut-down'
2022-07-03_19-54-24 [Thread-11] INFO  com.zaxxer.hikari.HikariDataSource - HikariPool-2 - Shutdown initiated...
2022-07-03_19-54-24 [Thread-11] INFO  com.zaxxer.hikari.HikariDataSource - HikariPool-2 - Shutdown completed.
2022-07-03_20-04-06 [restartedMain] INFO  c.c.a.AuthorizatiionMicroserviceApplication - Starting AuthorizatiionMicroserviceApplication using Java 17.0.2 on DESKTOP-QK65601 with PID 8324 (D:\cognizant training\Project\ArticlePoint\Authorizatiion-Microservice\target\classes started by HP in D:\cognizant training\Project\ArticlePoint\Authorizatiion-Microservice)
2022-07-03_20-04-06 [restartedMain] INFO  c.c.a.AuthorizatiionMicroserviceApplication - No active profile set, falling back to default profiles: default
2022-07-03_20-04-06 [restartedMain] INFO  o.s.d.r.c.RepositoryConfigurationDelegate - Bootstrapping Spring Data JPA repositories in DEFAULT mode.
2022-07-03_20-04-06 [restartedMain] INFO  o.s.d.r.c.RepositoryConfigurationDelegate - Finished Spring Data repository scanning in 10 ms. Found 1 JPA repository interfaces.
2022-07-03_20-04-06 [restartedMain] INFO  o.s.cloud.context.scope.GenericScope - BeanFactory id=17a149ef-bdf0-3183-9b89-1dc5d9e72896
2022-07-03_20-04-06 [restartedMain] INFO  o.s.b.w.e.tomcat.TomcatWebServer - Tomcat initialized with port(s): 8400 (http)
2022-07-03_20-04-06 [restartedMain] INFO  o.a.coyote.http11.Http11NioProtocol - Initializing ProtocolHandler ["http-nio-8400"]
2022-07-03_20-04-06 [restartedMain] INFO  o.a.catalina.core.StandardService - Starting service [Tomcat]
2022-07-03_20-04-06 [restartedMain] INFO  o.a.catalina.core.StandardEngine - Starting Servlet engine: [Apache Tomcat/9.0.41]
2022-07-03_20-04-06 [restartedMain] INFO  o.a.c.c.C.[.[localhost].[/auth] - Initializing Spring embedded WebApplicationContext
2022-07-03_20-04-06 [restartedMain] INFO  o.s.b.w.s.c.ServletWebServerApplicationContext - Root WebApplicationContext: initialization completed in 490 ms
2022-07-03_20-04-06 [restartedMain] INFO  com.zaxxer.hikari.HikariDataSource - HikariPool-3 - Starting...
2022-07-03_20-04-06 [restartedMain] INFO  com.zaxxer.hikari.HikariDataSource - HikariPool-3 - Start completed.
2022-07-03_20-04-06 [restartedMain] INFO  o.s.b.a.h.H2ConsoleAutoConfiguration - H2 console available at '/db'. Database available at 'jdbc:h2:mem:articledb'
2022-07-03_20-04-06 [restartedMain] INFO  o.h.jpa.internal.util.LogHelper - HHH000204: Processing PersistenceUnitInfo [name: default]
2022-07-03_20-04-06 [restartedMain] INFO  org.hibernate.dialect.Dialect - HHH000400: Using dialect: org.hibernate.dialect.H2Dialect
2022-07-03_20-04-06 [restartedMain] INFO  o.h.e.t.j.p.i.JtaPlatformInitiator - HHH000490: Using JtaPlatform implementation: [org.hibernate.engine.transaction.jta.platform.internal.NoJtaPlatform]
2022-07-03_20-04-06 [restartedMain] INFO  o.s.o.j.LocalContainerEntityManagerFactoryBean - Initialized JPA EntityManagerFactory for persistence unit 'default'
2022-07-03_20-04-06 [restartedMain] INFO  o.s.b.d.a.OptionalLiveReloadServer - LiveReload server is running on port 35729
2022-07-03_20-04-06 [restartedMain] INFO  s.d.s.w.PropertySourcedRequestMappingHandlerMapping - Mapped URL path [/v2/api-docs] onto method [springfox.documentation.swagger2.web.Swagger2Controller#getDocumentation(String, HttpServletRequest)]
2022-07-03_20-04-06 [restartedMain] INFO  o.s.s.web.DefaultSecurityFilterChain - Will secure any request with [org.springframework.security.web.context.request.async.WebAsyncManagerIntegrationFilter@6d24e4b6, org.springframework.security.web.context.SecurityContextPersistenceFilter@59c2b62d, org.springframework.security.web.header.HeaderWriterFilter@36923af7, org.springframework.security.web.authentication.logout.LogoutFilter@e6d1465, com.cts.authorization.config.JwtRequestFilter@59f16bfe, org.springframework.security.web.savedrequest.RequestCacheAwareFilter@35dc020a, org.springframework.security.web.servletapi.SecurityContextHolderAwareRequestFilter@123ec3c4, org.springframework.security.web.authentication.AnonymousAuthenticationFilter@20972898, org.springframework.security.web.session.SessionManagementFilter@1618d483, org.springframework.security.web.access.ExceptionTranslationFilter@2e984d42, org.springframework.security.web.access.intercept.FilterSecurityInterceptor@7e940e2e]
2022-07-03_20-04-06 [restartedMain] INFO  o.s.s.c.ThreadPoolTaskExecutor - Initializing ExecutorService 'applicationTaskExecutor'
2022-07-03_20-04-06 [restartedMain] INFO  o.a.coyote.http11.Http11NioProtocol - Starting ProtocolHandler ["http-nio-8400"]
2022-07-03_20-04-06 [restartedMain] INFO  o.s.b.w.e.tomcat.TomcatWebServer - Tomcat started on port(s): 8400 (http) with context path '/auth'
2022-07-03_20-04-06 [restartedMain] INFO  s.d.s.w.p.DocumentationPluginsBootstrapper - Context refreshed
2022-07-03_20-04-06 [restartedMain] INFO  s.d.s.w.p.DocumentationPluginsBootstrapper - Found 1 custom documentation plugin(s)
2022-07-03_20-04-06 [restartedMain] INFO  s.d.s.w.s.ApiListingReferenceScanner - Scanning for api listing references
2022-07-03_20-04-06 [restartedMain] INFO  c.c.a.AuthorizatiionMicroserviceApplication - Started AuthorizatiionMicroserviceApplication in 1.404 seconds (JVM running for 758.634)
2022-07-03_20-04-06 [restartedMain] INFO  o.s.b.d.a.ConditionEvaluationDeltaLoggingListener - Condition evaluation unchanged
2022-07-03_21-14-49 [Thread-18] INFO  o.s.s.c.ThreadPoolTaskExecutor - Shutting down ExecutorService 'applicationTaskExecutor'
2022-07-03_21-14-49 [Thread-18] INFO  o.s.o.j.LocalContainerEntityManagerFactoryBean - Closing JPA EntityManagerFactory for persistence unit 'default'
2022-07-03_21-14-49 [Thread-18] INFO  o.h.t.s.i.SchemaDropperImpl$DelayedDropActionImpl - HHH000477: Starting delayed evictData of schema as part of SessionFactory shut-down'
2022-07-03_21-14-49 [Thread-18] INFO  com.zaxxer.hikari.HikariDataSource - HikariPool-3 - Shutdown initiated...
2022-07-03_21-14-49 [Thread-18] INFO  com.zaxxer.hikari.HikariDataSource - HikariPool-3 - Shutdown completed.
2022-07-03_21-15-15 [restartedMain] INFO  c.c.a.AuthorizatiionMicroserviceApplication - Starting AuthorizatiionMicroserviceApplication using Java 17.0.2 on DESKTOP-QK65601 with PID 8324 (D:\cognizant training\Project\ArticlePoint\Authorizatiion-Microservice\target\classes started by HP in D:\cognizant training\Project\ArticlePoint\Authorizatiion-Microservice)
2022-07-03_21-15-15 [restartedMain] INFO  c.c.a.AuthorizatiionMicroserviceApplication - No active profile set, falling back to default profiles: default
2022-07-03_21-15-15 [restartedMain] INFO  o.s.d.r.c.RepositoryConfigurationDelegate - Bootstrapping Spring Data JPA repositories in DEFAULT mode.
2022-07-03_21-15-15 [restartedMain] INFO  o.s.d.r.c.RepositoryConfigurationDelegate - Finished Spring Data repository scanning in 11 ms. Found 1 JPA repository interfaces.
2022-07-03_21-15-15 [restartedMain] INFO  o.s.cloud.context.scope.GenericScope - BeanFactory id=17a149ef-bdf0-3183-9b89-1dc5d9e72896
2022-07-03_21-15-15 [restartedMain] INFO  o.s.b.w.e.tomcat.TomcatWebServer - Tomcat initialized with port(s): 8400 (http)
2022-07-03_21-15-15 [restartedMain] INFO  o.a.coyote.http11.Http11NioProtocol - Initializing ProtocolHandler ["http-nio-8400"]
2022-07-03_21-15-15 [restartedMain] INFO  o.a.catalina.core.StandardService - Starting service [Tomcat]
2022-07-03_21-15-15 [restartedMain] INFO  o.a.catalina.core.StandardEngine - Starting Servlet engine: [Apache Tomcat/9.0.41]
2022-07-03_21-15-15 [restartedMain] INFO  o.a.c.c.C.[.[localhost].[/auth] - Initializing Spring embedded WebApplicationContext
2022-07-03_21-15-15 [restartedMain] INFO  o.s.b.w.s.c.ServletWebServerApplicationContext - Root WebApplicationContext: initialization completed in 5901 ms
2022-07-03_21-15-15 [restartedMain] INFO  com.zaxxer.hikari.HikariDataSource - HikariPool-4 - Starting...
2022-07-03_21-15-15 [restartedMain] INFO  com.zaxxer.hikari.HikariDataSource - HikariPool-4 - Start completed.
2022-07-03_21-15-15 [restartedMain] INFO  o.s.b.a.h.H2ConsoleAutoConfiguration - H2 console available at '/db'. Database available at 'jdbc:h2:mem:articledb'
2022-07-03_21-15-15 [restartedMain] INFO  o.h.jpa.internal.util.LogHelper - HHH000204: Processing PersistenceUnitInfo [name: default]
2022-07-03_21-15-15 [restartedMain] INFO  org.hibernate.dialect.Dialect - HHH000400: Using dialect: org.hibernate.dialect.H2Dialect
2022-07-03_21-15-15 [restartedMain] INFO  o.h.e.t.j.p.i.JtaPlatformInitiator - HHH000490: Using JtaPlatform implementation: [org.hibernate.engine.transaction.jta.platform.internal.NoJtaPlatform]
2022-07-03_21-15-15 [restartedMain] INFO  o.s.o.j.LocalContainerEntityManagerFactoryBean - Initialized JPA EntityManagerFactory for persistence unit 'default'
2022-07-03_21-15-15 [restartedMain] INFO  o.s.b.d.a.OptionalLiveReloadServer - LiveReload server is running on port 35729
2022-07-03_21-15-15 [restartedMain] INFO  s.d.s.w.PropertySourcedRequestMappingHandlerMapping - Mapped URL path [/v2/api-docs] onto method [springfox.documentation.swagger2.web.Swagger2Controller#getDocumentation(String, HttpServletRequest)]
2022-07-03_21-15-15 [restartedMain] INFO  o.s.s.web.DefaultSecurityFilterChain - Will secure any request with [org.springframework.security.web.context.request.async.WebAsyncManagerIntegrationFilter@415c8180, org.springframework.security.web.context.SecurityContextPersistenceFilter@5ad78ec1, org.springframework.security.web.header.HeaderWriterFilter@7d4ed2e, org.springframework.security.web.authentication.logout.LogoutFilter@1c41d82a, com.cts.authorization.config.JwtRequestFilter@243c051c, org.springframework.security.web.savedrequest.RequestCacheAwareFilter@34409e4d, org.springframework.security.web.servletapi.SecurityContextHolderAwareRequestFilter@14ddb876, org.springframework.security.web.authentication.AnonymousAuthenticationFilter@466285e, org.springframework.security.web.session.SessionManagementFilter@5c1042e9, org.springframework.security.web.access.ExceptionTranslationFilter@cec52a4, org.springframework.security.web.access.intercept.FilterSecurityInterceptor@19de331d]
2022-07-03_21-15-15 [restartedMain] INFO  o.s.s.c.ThreadPoolTaskExecutor - Initializing ExecutorService 'applicationTaskExecutor'
2022-07-03_21-15-15 [restartedMain] INFO  o.a.coyote.http11.Http11NioProtocol - Starting ProtocolHandler ["http-nio-8400"]
2022-07-03_21-15-15 [restartedMain] INFO  o.s.b.w.e.tomcat.TomcatWebServer - Tomcat started on port(s): 8400 (http) with context path '/auth'
2022-07-03_21-15-15 [restartedMain] INFO  s.d.s.w.p.DocumentationPluginsBootstrapper - Context refreshed
2022-07-03_21-15-15 [restartedMain] INFO  s.d.s.w.p.DocumentationPluginsBootstrapper - Found 1 custom documentation plugin(s)
2022-07-03_21-15-15 [restartedMain] INFO  s.d.s.w.s.ApiListingReferenceScanner - Scanning for api listing references
2022-07-03_21-15-15 [restartedMain] INFO  c.c.a.AuthorizatiionMicroserviceApplication - Started AuthorizatiionMicroserviceApplication in 10.28 seconds (JVM running for 5034.17)
2022-07-03_21-15-15 [restartedMain] INFO  o.s.b.d.a.ConditionEvaluationDeltaLoggingListener - Condition evaluation unchanged
2022-07-03_21-15-15 [Thread-25] INFO  o.s.s.c.ThreadPoolTaskExecutor - Shutting down ExecutorService 'applicationTaskExecutor'
2022-07-03_21-15-15 [Thread-25] INFO  o.s.o.j.LocalContainerEntityManagerFactoryBean - Closing JPA EntityManagerFactory for persistence unit 'default'
2022-07-03_21-15-15 [Thread-25] INFO  o.h.t.s.i.SchemaDropperImpl$DelayedDropActionImpl - HHH000477: Starting delayed evictData of schema as part of SessionFactory shut-down'
2022-07-03_21-15-15 [Thread-25] INFO  com.zaxxer.hikari.HikariDataSource - HikariPool-4 - Shutdown initiated...
2022-07-03_21-15-15 [Thread-25] INFO  com.zaxxer.hikari.HikariDataSource - HikariPool-4 - Shutdown completed.
2022-07-03_21-15-24 [restartedMain] INFO  c.c.a.AuthorizatiionMicroserviceApplication - Starting AuthorizatiionMicroserviceApplication using Java 17.0.2 on DESKTOP-QK65601 with PID 8324 (D:\cognizant training\Project\ArticlePoint\Authorizatiion-Microservice\target\classes started by HP in D:\cognizant training\Project\ArticlePoint\Authorizatiion-Microservice)
2022-07-03_21-15-24 [restartedMain] INFO  c.c.a.AuthorizatiionMicroserviceApplication - No active profile set, falling back to default profiles: default
2022-07-03_21-15-24 [restartedMain] INFO  o.s.d.r.c.RepositoryConfigurationDelegate - Bootstrapping Spring Data JPA repositories in DEFAULT mode.
2022-07-03_21-15-24 [restartedMain] INFO  o.s.d.r.c.RepositoryConfigurationDelegate - Finished Spring Data repository scanning in 7 ms. Found 1 JPA repository interfaces.
2022-07-03_21-15-24 [restartedMain] INFO  o.s.cloud.context.scope.GenericScope - BeanFactory id=17a149ef-bdf0-3183-9b89-1dc5d9e72896
2022-07-03_21-15-24 [restartedMain] INFO  o.s.b.w.e.tomcat.TomcatWebServer - Tomcat initialized with port(s): 8400 (http)
2022-07-03_21-15-24 [restartedMain] INFO  o.a.coyote.http11.Http11NioProtocol - Initializing ProtocolHandler ["http-nio-8400"]
2022-07-03_21-15-24 [restartedMain] INFO  o.a.catalina.core.StandardService - Starting service [Tomcat]
2022-07-03_21-15-24 [restartedMain] INFO  o.a.catalina.core.StandardEngine - Starting Servlet engine: [Apache Tomcat/9.0.41]
2022-07-03_21-15-24 [restartedMain] INFO  o.a.c.c.C.[.[localhost].[/auth] - Initializing Spring embedded WebApplicationContext
2022-07-03_21-15-24 [restartedMain] INFO  o.s.b.w.s.c.ServletWebServerApplicationContext - Root WebApplicationContext: initialization completed in 1340 ms
2022-07-03_21-15-24 [restartedMain] INFO  com.zaxxer.hikari.HikariDataSource - HikariPool-5 - Starting...
2022-07-03_21-15-24 [restartedMain] INFO  com.zaxxer.hikari.HikariDataSource - HikariPool-5 - Start completed.
2022-07-03_21-15-24 [restartedMain] INFO  o.s.b.a.h.H2ConsoleAutoConfiguration - H2 console available at '/db'. Database available at 'jdbc:h2:mem:articledb'
2022-07-03_21-15-24 [restartedMain] INFO  o.h.jpa.internal.util.LogHelper - HHH000204: Processing PersistenceUnitInfo [name: default]
2022-07-03_21-15-24 [restartedMain] INFO  org.hibernate.dialect.Dialect - HHH000400: Using dialect: org.hibernate.dialect.H2Dialect
2022-07-03_21-15-24 [restartedMain] INFO  o.h.e.t.j.p.i.JtaPlatformInitiator - HHH000490: Using JtaPlatform implementation: [org.hibernate.engine.transaction.jta.platform.internal.NoJtaPlatform]
2022-07-03_21-15-24 [restartedMain] INFO  o.s.o.j.LocalContainerEntityManagerFactoryBean - Initialized JPA EntityManagerFactory for persistence unit 'default'
2022-07-03_21-15-24 [restartedMain] INFO  o.s.b.d.a.OptionalLiveReloadServer - LiveReload server is running on port 35729
2022-07-03_21-15-24 [restartedMain] INFO  s.d.s.w.PropertySourcedRequestMappingHandlerMapping - Mapped URL path [/v2/api-docs] onto method [springfox.documentation.swagger2.web.Swagger2Controller#getDocumentation(String, HttpServletRequest)]
2022-07-03_21-15-24 [restartedMain] INFO  o.s.s.web.DefaultSecurityFilterChain - Will secure any request with [org.springframework.security.web.context.request.async.WebAsyncManagerIntegrationFilter@2847014f, org.springframework.security.web.context.SecurityContextPersistenceFilter@63aeb470, org.springframework.security.web.header.HeaderWriterFilter@22550db, org.springframework.security.web.authentication.logout.LogoutFilter@3d2d0c2e, com.cts.authorization.config.JwtRequestFilter@3bb92704, org.springframework.security.web.savedrequest.RequestCacheAwareFilter@4d8c5a70, org.springframework.security.web.servletapi.SecurityContextHolderAwareRequestFilter@65077892, org.springframework.security.web.authentication.AnonymousAuthenticationFilter@6fe7bb8d, org.springframework.security.web.session.SessionManagementFilter@56631395, org.springframework.security.web.access.ExceptionTranslationFilter@4fbc260b, org.springframework.security.web.access.intercept.FilterSecurityInterceptor@8c583f]
2022-07-03_21-15-24 [restartedMain] INFO  o.s.s.c.ThreadPoolTaskExecutor - Initializing ExecutorService 'applicationTaskExecutor'
2022-07-03_21-15-24 [restartedMain] INFO  o.a.coyote.http11.Http11NioProtocol - Starting ProtocolHandler ["http-nio-8400"]
2022-07-03_21-15-24 [restartedMain] INFO  o.s.b.w.e.tomcat.TomcatWebServer - Tomcat started on port(s): 8400 (http) with context path '/auth'
2022-07-03_21-15-24 [restartedMain] INFO  s.d.s.w.p.DocumentationPluginsBootstrapper - Context refreshed
2022-07-03_21-15-24 [restartedMain] INFO  s.d.s.w.p.DocumentationPluginsBootstrapper - Found 1 custom documentation plugin(s)
2022-07-03_21-15-24 [restartedMain] INFO  s.d.s.w.s.ApiListingReferenceScanner - Scanning for api listing references
2022-07-03_21-15-24 [restartedMain] INFO  c.c.a.AuthorizatiionMicroserviceApplication - Started AuthorizatiionMicroserviceApplication in 2.461 seconds (JVM running for 5037.996)
2022-07-03_21-15-24 [restartedMain] INFO  o.s.b.d.a.ConditionEvaluationDeltaLoggingListener - Condition evaluation unchanged
2022-07-03_21-15-24 [http-nio-8400-exec-6] INFO  o.a.c.c.C.[.[localhost].[/auth] - Initializing Spring DispatcherServlet 'dispatcherServlet'
2022-07-03_21-15-24 [http-nio-8400-exec-6] INFO  o.s.web.servlet.DispatcherServlet - Initializing Servlet 'dispatcherServlet'
2022-07-03_21-15-24 [http-nio-8400-exec-6] INFO  o.s.web.servlet.DispatcherServlet - Completed initialization in 1507 ms
2022-07-03_21-15-24 [http-nio-8400-exec-6] INFO  c.c.a.config.JwtRequestFilter - JWT Token does not begin with Bearer String
2022-07-03_21-15-24 [http-nio-8400-exec-6] INFO  c.c.a.service.JwtUserDetailsService - User found
2022-07-03_21-15-24 [http-nio-8400-exec-6] INFO  c.c.a.service.JwtUserDetailsService - user successfully located
2022-07-03_21-15-24 [http-nio-8400-exec-6] INFO  c.c.a.service.JwtUserDetailsService - User found
2022-07-03_21-15-24 [http-nio-8400-exec-6] INFO  c.c.a.service.JwtUserDetailsService - user successfully located
2022-07-03_21-15-24 [http-nio-8400-exec-3] INFO  c.c.a.config.JwtRequestFilter - JWT Token does not begin with Bearer String
2022-07-03_21-15-24 [http-nio-8400-exec-3] INFO  c.c.a.service.JwtUserDetailsService - User found
2022-07-03_21-15-24 [http-nio-8400-exec-3] INFO  c.c.a.service.JwtUserDetailsService - user successfully located
2022-07-03_21-15-24 [http-nio-8400-exec-3] INFO  c.c.a.service.JwtUserDetailsService - User found
2022-07-03_21-15-24 [http-nio-8400-exec-3] INFO  c.c.a.service.JwtUserDetailsService - user successfully located
