2022-07-04_10-14-47 [restartedMain] INFO  c.c.a.AuthorizatiionMicroserviceApplication - Starting AuthorizatiionMicroserviceApplication using Java 17.0.2 on DESKTOP-QK65601 with PID 12924 (D:\cognizant training\Project\ArticlePoint\Authorizatiion-Microservice\target\classes started by HP in D:\cognizant training\Project\ArticlePoint\Authorizatiion-Microservice)
2022-07-04_10-14-47 [restartedMain] INFO  c.c.a.AuthorizatiionMicroserviceApplication - No active profile set, falling back to default profiles: default
2022-07-04_10-14-47 [restartedMain] INFO  o.s.b.d.e.DevToolsPropertyDefaultsPostProcessor - Devtools property defaults active! Set 'spring.devtools.add-properties' to 'false' to disable
2022-07-04_10-14-47 [restartedMain] INFO  o.s.b.d.e.DevToolsPropertyDefaultsPostProcessor - For additional web related logging consider setting the 'logging.level.web' property to 'DEBUG'
2022-07-04_10-14-47 [restartedMain] INFO  o.s.d.r.c.RepositoryConfigurationDelegate - Bootstrapping Spring Data JPA repositories in DEFAULT mode.
2022-07-04_10-14-47 [restartedMain] INFO  o.s.d.r.c.RepositoryConfigurationDelegate - Finished Spring Data repository scanning in 93 ms. Found 2 JPA repository interfaces.
2022-07-04_10-14-47 [restartedMain] INFO  o.s.cloud.context.scope.GenericScope - BeanFactory id=670aa895-3703-37d0-b93e-4680eff73cf2
2022-07-04_10-14-47 [restartedMain] INFO  o.s.b.w.e.tomcat.TomcatWebServer - Tomcat initialized with port(s): 8400 (http)
2022-07-04_10-14-47 [restartedMain] INFO  o.a.coyote.http11.Http11NioProtocol - Initializing ProtocolHandler ["http-nio-8400"]
2022-07-04_10-14-47 [restartedMain] INFO  o.a.catalina.core.StandardService - Starting service [Tomcat]
2022-07-04_10-14-47 [restartedMain] INFO  o.a.catalina.core.StandardEngine - Starting Servlet engine: [Apache Tomcat/9.0.41]
2022-07-04_10-14-47 [restartedMain] INFO  o.a.c.c.C.[.[localhost].[/auth] - Initializing Spring embedded WebApplicationContext
2022-07-04_10-14-47 [restartedMain] INFO  o.s.b.w.s.c.ServletWebServerApplicationContext - Root WebApplicationContext: initialization completed in 6274 ms
2022-07-04_10-14-47 [restartedMain] INFO  com.zaxxer.hikari.HikariDataSource - HikariPool-1 - Starting...
2022-07-04_10-14-47 [restartedMain] INFO  com.zaxxer.hikari.HikariDataSource - HikariPool-1 - Start completed.
2022-07-04_10-14-47 [restartedMain] INFO  o.a.catalina.core.StandardService - Stopping service [Tomcat]
2022-07-04_10-14-47 [restartedMain] INFO  o.s.b.a.l.ConditionEvaluationReportLoggingListener - 

Error starting ApplicationContext. To display the conditions report re-run your application with 'debug' enabled.
2022-07-04_10-15-40 [restartedMain] INFO  c.c.a.AuthorizatiionMicroserviceApplication - Starting AuthorizatiionMicroserviceApplication using Java 17.0.2 on DESKTOP-QK65601 with PID 13572 (D:\cognizant training\Project\ArticlePoint\Authorizatiion-Microservice\target\classes started by HP in D:\cognizant training\Project\ArticlePoint\Authorizatiion-Microservice)
2022-07-04_10-15-40 [restartedMain] INFO  c.c.a.AuthorizatiionMicroserviceApplication - No active profile set, falling back to default profiles: default
2022-07-04_10-15-40 [restartedMain] INFO  o.s.b.d.e.DevToolsPropertyDefaultsPostProcessor - Devtools property defaults active! Set 'spring.devtools.add-properties' to 'false' to disable
2022-07-04_10-15-40 [restartedMain] INFO  o.s.b.d.e.DevToolsPropertyDefaultsPostProcessor - For additional web related logging consider setting the 'logging.level.web' property to 'DEBUG'
2022-07-04_10-15-40 [restartedMain] INFO  o.s.d.r.c.RepositoryConfigurationDelegate - Bootstrapping Spring Data JPA repositories in DEFAULT mode.
2022-07-04_10-15-40 [restartedMain] INFO  o.s.d.r.c.RepositoryConfigurationDelegate - Finished Spring Data repository scanning in 65 ms. Found 2 JPA repository interfaces.
2022-07-04_10-15-40 [restartedMain] INFO  o.s.cloud.context.scope.GenericScope - BeanFactory id=670aa895-3703-37d0-b93e-4680eff73cf2
2022-07-04_10-15-40 [restartedMain] INFO  o.s.b.w.e.tomcat.TomcatWebServer - Tomcat initialized with port(s): 8400 (http)
2022-07-04_10-15-40 [restartedMain] INFO  o.a.coyote.http11.Http11NioProtocol - Initializing ProtocolHandler ["http-nio-8400"]
2022-07-04_10-15-40 [restartedMain] INFO  o.a.catalina.core.StandardService - Starting service [Tomcat]
2022-07-04_10-15-40 [restartedMain] INFO  o.a.catalina.core.StandardEngine - Starting Servlet engine: [Apache Tomcat/9.0.41]
2022-07-04_10-15-40 [restartedMain] INFO  o.a.c.c.C.[.[localhost].[/auth] - Initializing Spring embedded WebApplicationContext
2022-07-04_10-15-40 [restartedMain] INFO  o.s.b.w.s.c.ServletWebServerApplicationContext - Root WebApplicationContext: initialization completed in 3401 ms
2022-07-04_10-15-40 [restartedMain] INFO  com.zaxxer.hikari.HikariDataSource - HikariPool-1 - Starting...
2022-07-04_10-15-40 [restartedMain] INFO  com.zaxxer.hikari.HikariDataSource - HikariPool-1 - Start completed.
2022-07-04_10-15-40 [restartedMain] INFO  o.a.catalina.core.StandardService - Stopping service [Tomcat]
2022-07-04_10-15-40 [restartedMain] INFO  o.s.b.a.l.ConditionEvaluationReportLoggingListener - 

Error starting ApplicationContext. To display the conditions report re-run your application with 'debug' enabled.
2022-07-04_10-17-33 [restartedMain] INFO  c.c.a.AuthorizatiionMicroserviceApplication - Starting AuthorizatiionMicroserviceApplication using Java 17.0.2 on DESKTOP-QK65601 with PID 15512 (D:\cognizant training\Project\ArticlePoint\Authorizatiion-Microservice\target\classes started by HP in D:\cognizant training\Project\ArticlePoint\Authorizatiion-Microservice)
2022-07-04_10-17-33 [restartedMain] INFO  c.c.a.AuthorizatiionMicroserviceApplication - No active profile set, falling back to default profiles: default
2022-07-04_10-17-33 [restartedMain] INFO  o.s.b.d.e.DevToolsPropertyDefaultsPostProcessor - Devtools property defaults active! Set 'spring.devtools.add-properties' to 'false' to disable
2022-07-04_10-17-33 [restartedMain] INFO  o.s.b.d.e.DevToolsPropertyDefaultsPostProcessor - For additional web related logging consider setting the 'logging.level.web' property to 'DEBUG'
2022-07-04_10-17-33 [restartedMain] INFO  o.s.d.r.c.RepositoryConfigurationDelegate - Bootstrapping Spring Data JPA repositories in DEFAULT mode.
2022-07-04_10-17-33 [restartedMain] INFO  o.s.d.r.c.RepositoryConfigurationDelegate - Finished Spring Data repository scanning in 63 ms. Found 2 JPA repository interfaces.
2022-07-04_10-17-33 [restartedMain] INFO  o.s.cloud.context.scope.GenericScope - BeanFactory id=670aa895-3703-37d0-b93e-4680eff73cf2
2022-07-04_10-17-33 [restartedMain] INFO  o.s.b.w.e.tomcat.TomcatWebServer - Tomcat initialized with port(s): 8400 (http)
2022-07-04_10-17-33 [restartedMain] INFO  o.a.coyote.http11.Http11NioProtocol - Initializing ProtocolHandler ["http-nio-8400"]
2022-07-04_10-17-33 [restartedMain] INFO  o.a.catalina.core.StandardService - Starting service [Tomcat]
2022-07-04_10-17-33 [restartedMain] INFO  o.a.catalina.core.StandardEngine - Starting Servlet engine: [Apache Tomcat/9.0.41]
2022-07-04_10-17-33 [restartedMain] INFO  o.a.c.c.C.[.[localhost].[/auth] - Initializing Spring embedded WebApplicationContext
2022-07-04_10-17-33 [restartedMain] INFO  o.s.b.w.s.c.ServletWebServerApplicationContext - Root WebApplicationContext: initialization completed in 4372 ms
2022-07-04_10-17-33 [restartedMain] INFO  com.zaxxer.hikari.HikariDataSource - HikariPool-1 - Starting...
2022-07-04_10-17-33 [restartedMain] INFO  com.zaxxer.hikari.HikariDataSource - HikariPool-1 - Start completed.
2022-07-04_10-17-33 [restartedMain] INFO  o.a.catalina.core.StandardService - Stopping service [Tomcat]
2022-07-04_10-17-33 [restartedMain] INFO  o.s.b.a.l.ConditionEvaluationReportLoggingListener - 

Error starting ApplicationContext. To display the conditions report re-run your application with 'debug' enabled.
2022-07-04_10-18-31 [restartedMain] INFO  c.c.a.AuthorizatiionMicroserviceApplication - Starting AuthorizatiionMicroserviceApplication using Java 17.0.2 on DESKTOP-QK65601 with PID 19532 (D:\cognizant training\Project\ArticlePoint\Authorizatiion-Microservice\target\classes started by HP in D:\cognizant training\Project\ArticlePoint\Authorizatiion-Microservice)
2022-07-04_10-18-31 [restartedMain] INFO  c.c.a.AuthorizatiionMicroserviceApplication - No active profile set, falling back to default profiles: default
2022-07-04_10-18-31 [restartedMain] INFO  o.s.b.d.e.DevToolsPropertyDefaultsPostProcessor - Devtools property defaults active! Set 'spring.devtools.add-properties' to 'false' to disable
2022-07-04_10-18-31 [restartedMain] INFO  o.s.b.d.e.DevToolsPropertyDefaultsPostProcessor - For additional web related logging consider setting the 'logging.level.web' property to 'DEBUG'
2022-07-04_10-18-31 [restartedMain] INFO  o.s.d.r.c.RepositoryConfigurationDelegate - Bootstrapping Spring Data JPA repositories in DEFAULT mode.
2022-07-04_10-18-31 [restartedMain] INFO  o.s.d.r.c.RepositoryConfigurationDelegate - Finished Spring Data repository scanning in 61 ms. Found 2 JPA repository interfaces.
2022-07-04_10-18-31 [restartedMain] INFO  o.s.cloud.context.scope.GenericScope - BeanFactory id=670aa895-3703-37d0-b93e-4680eff73cf2
2022-07-04_10-18-31 [restartedMain] INFO  o.s.b.w.e.tomcat.TomcatWebServer - Tomcat initialized with port(s): 8400 (http)
2022-07-04_10-18-31 [restartedMain] INFO  o.a.coyote.http11.Http11NioProtocol - Initializing ProtocolHandler ["http-nio-8400"]
2022-07-04_10-18-31 [restartedMain] INFO  o.a.catalina.core.StandardService - Starting service [Tomcat]
2022-07-04_10-18-31 [restartedMain] INFO  o.a.catalina.core.StandardEngine - Starting Servlet engine: [Apache Tomcat/9.0.41]
2022-07-04_10-18-31 [restartedMain] INFO  o.a.c.c.C.[.[localhost].[/auth] - Initializing Spring embedded WebApplicationContext
2022-07-04_10-18-31 [restartedMain] INFO  o.s.b.w.s.c.ServletWebServerApplicationContext - Root WebApplicationContext: initialization completed in 3365 ms
2022-07-04_10-18-31 [restartedMain] INFO  com.zaxxer.hikari.HikariDataSource - HikariPool-1 - Starting...
2022-07-04_10-18-31 [restartedMain] INFO  com.zaxxer.hikari.HikariDataSource - HikariPool-1 - Start completed.
2022-07-04_10-18-31 [restartedMain] INFO  o.s.b.a.h.H2ConsoleAutoConfiguration - H2 console available at '/db'. Database available at 'jdbc:h2:mem:articledb'
2022-07-04_10-18-31 [restartedMain] INFO  o.h.jpa.internal.util.LogHelper - HHH000204: Processing PersistenceUnitInfo [name: default]
2022-07-04_10-18-31 [restartedMain] INFO  org.hibernate.Version - HHH000412: Hibernate ORM core version 5.4.27.Final
2022-07-04_10-18-31 [restartedMain] INFO  o.h.annotations.common.Version - HCANN000001: Hibernate Commons Annotations {5.1.2.Final}
2022-07-04_10-18-31 [restartedMain] INFO  org.hibernate.dialect.Dialect - HHH000400: Using dialect: org.hibernate.dialect.H2Dialect
2022-07-04_10-18-31 [restartedMain] INFO  o.h.e.t.j.p.i.JtaPlatformInitiator - HHH000490: Using JtaPlatform implementation: [org.hibernate.engine.transaction.jta.platform.internal.NoJtaPlatform]
2022-07-04_10-18-31 [restartedMain] INFO  o.s.o.j.LocalContainerEntityManagerFactoryBean - Initialized JPA EntityManagerFactory for persistence unit 'default'
2022-07-04_10-18-31 [restartedMain] INFO  o.s.b.d.a.OptionalLiveReloadServer - LiveReload server is running on port 35729
2022-07-04_10-18-31 [restartedMain] INFO  s.d.s.w.PropertySourcedRequestMappingHandlerMapping - Mapped URL path [/v2/api-docs] onto method [springfox.documentation.swagger2.web.Swagger2Controller#getDocumentation(String, HttpServletRequest)]
2022-07-04_10-18-31 [restartedMain] INFO  o.s.s.web.DefaultSecurityFilterChain - Will secure any request with [org.springframework.security.web.context.request.async.WebAsyncManagerIntegrationFilter@37abb325, org.springframework.security.web.context.SecurityContextPersistenceFilter@50343b97, org.springframework.security.web.header.HeaderWriterFilter@6078effc, org.springframework.security.web.authentication.logout.LogoutFilter@784ea9f1, com.cts.authorization.config.JwtRequestFilter@4e7303, org.springframework.security.web.savedrequest.RequestCacheAwareFilter@26b20aff, org.springframework.security.web.servletapi.SecurityContextHolderAwareRequestFilter@608dcaa1, org.springframework.security.web.authentication.AnonymousAuthenticationFilter@5538f53d, org.springframework.security.web.session.SessionManagementFilter@714b3376, org.springframework.security.web.access.ExceptionTranslationFilter@26a519e9, org.springframework.security.web.access.intercept.FilterSecurityInterceptor@1a704258]
2022-07-04_10-18-31 [restartedMain] INFO  o.s.s.c.ThreadPoolTaskExecutor - Initializing ExecutorService 'applicationTaskExecutor'
2022-07-04_10-18-31 [restartedMain] INFO  o.a.coyote.http11.Http11NioProtocol - Starting ProtocolHandler ["http-nio-8400"]
2022-07-04_10-18-31 [restartedMain] INFO  o.s.b.w.e.tomcat.TomcatWebServer - Tomcat started on port(s): 8400 (http) with context path '/auth'
2022-07-04_10-18-31 [restartedMain] INFO  s.d.s.w.p.DocumentationPluginsBootstrapper - Context refreshed
2022-07-04_10-18-31 [restartedMain] INFO  s.d.s.w.p.DocumentationPluginsBootstrapper - Found 1 custom documentation plugin(s)
2022-07-04_10-18-31 [restartedMain] INFO  s.d.s.w.s.ApiListingReferenceScanner - Scanning for api listing references
2022-07-04_10-18-31 [restartedMain] INFO  c.c.a.AuthorizatiionMicroserviceApplication - Started AuthorizatiionMicroserviceApplication in 10.957 seconds (JVM running for 11.781)
2022-07-04_10-18-31 [http-nio-8400-exec-1] INFO  o.a.c.c.C.[.[localhost].[/auth] - Initializing Spring DispatcherServlet 'dispatcherServlet'
2022-07-04_10-18-31 [http-nio-8400-exec-1] INFO  o.s.web.servlet.DispatcherServlet - Initializing Servlet 'dispatcherServlet'
2022-07-04_10-18-31 [http-nio-8400-exec-1] INFO  o.s.web.servlet.DispatcherServlet - Completed initialization in 2 ms
2022-07-04_10-18-31 [http-nio-8400-exec-1] INFO  c.c.a.config.JwtRequestFilter - JWT Token does not begin with Bearer String
2022-07-04_10-18-31 [http-nio-8400-exec-1] INFO  c.c.a.config.JwtRequestFilter - INVALID_CREDENTIALS
2022-07-04_10-18-31 [Thread-6] INFO  o.s.s.c.ThreadPoolTaskExecutor - Shutting down ExecutorService 'applicationTaskExecutor'
2022-07-04_10-18-31 [Thread-6] INFO  o.s.o.j.LocalContainerEntityManagerFactoryBean - Closing JPA EntityManagerFactory for persistence unit 'default'
2022-07-04_10-18-31 [Thread-6] INFO  o.h.t.s.i.SchemaDropperImpl$DelayedDropActionImpl - HHH000477: Starting delayed evictData of schema as part of SessionFactory shut-down'
2022-07-04_10-18-31 [Thread-6] INFO  com.zaxxer.hikari.HikariDataSource - HikariPool-1 - Shutdown initiated...
2022-07-04_10-18-31 [Thread-6] INFO  com.zaxxer.hikari.HikariDataSource - HikariPool-1 - Shutdown completed.
2022-07-04_10-30-20 [restartedMain] INFO  c.c.a.AuthorizatiionMicroserviceApplication - Starting AuthorizatiionMicroserviceApplication using Java 17.0.2 on DESKTOP-QK65601 with PID 19532 (D:\cognizant training\Project\ArticlePoint\Authorizatiion-Microservice\target\classes started by HP in D:\cognizant training\Project\ArticlePoint\Authorizatiion-Microservice)
2022-07-04_10-30-20 [restartedMain] INFO  c.c.a.AuthorizatiionMicroserviceApplication - No active profile set, falling back to default profiles: default
2022-07-04_10-30-20 [restartedMain] INFO  o.s.d.r.c.RepositoryConfigurationDelegate - Bootstrapping Spring Data JPA repositories in DEFAULT mode.
2022-07-04_10-30-20 [restartedMain] INFO  o.s.d.r.c.RepositoryConfigurationDelegate - Finished Spring Data repository scanning in 21 ms. Found 2 JPA repository interfaces.
2022-07-04_10-30-20 [restartedMain] INFO  o.s.cloud.context.scope.GenericScope - BeanFactory id=670aa895-3703-37d0-b93e-4680eff73cf2
2022-07-04_10-30-20 [restartedMain] INFO  o.s.b.w.e.tomcat.TomcatWebServer - Tomcat initialized with port(s): 8400 (http)
2022-07-04_10-30-20 [restartedMain] INFO  o.a.coyote.http11.Http11NioProtocol - Initializing ProtocolHandler ["http-nio-8400"]
2022-07-04_10-30-20 [restartedMain] INFO  o.a.catalina.core.StandardService - Starting service [Tomcat]
2022-07-04_10-30-20 [restartedMain] INFO  o.a.catalina.core.StandardEngine - Starting Servlet engine: [Apache Tomcat/9.0.41]
2022-07-04_10-30-20 [restartedMain] INFO  o.a.c.c.C.[.[localhost].[/auth] - Initializing Spring embedded WebApplicationContext
2022-07-04_10-30-20 [restartedMain] INFO  o.s.b.w.s.c.ServletWebServerApplicationContext - Root WebApplicationContext: initialization completed in 817 ms
2022-07-04_10-30-20 [restartedMain] INFO  com.zaxxer.hikari.HikariDataSource - HikariPool-2 - Starting...
2022-07-04_10-30-20 [restartedMain] INFO  com.zaxxer.hikari.HikariDataSource - HikariPool-2 - Start completed.
2022-07-04_10-30-20 [restartedMain] INFO  o.a.catalina.core.StandardService - Stopping service [Tomcat]
2022-07-04_10-30-20 [restartedMain] INFO  o.s.b.a.l.ConditionEvaluationReportLoggingListener - 

Error starting ApplicationContext. To display the conditions report re-run your application with 'debug' enabled.
2022-07-04_10-30-45 [restartedMain] INFO  c.c.a.AuthorizatiionMicroserviceApplication - Starting AuthorizatiionMicroserviceApplication using Java 17.0.2 on DESKTOP-QK65601 with PID 19532 (D:\cognizant training\Project\ArticlePoint\Authorizatiion-Microservice\target\classes started by HP in D:\cognizant training\Project\ArticlePoint\Authorizatiion-Microservice)
2022-07-04_10-30-45 [restartedMain] INFO  c.c.a.AuthorizatiionMicroserviceApplication - No active profile set, falling back to default profiles: default
2022-07-04_10-30-45 [restartedMain] INFO  o.s.d.r.c.RepositoryConfigurationDelegate - Bootstrapping Spring Data JPA repositories in DEFAULT mode.
2022-07-04_10-30-45 [restartedMain] INFO  o.s.d.r.c.RepositoryConfigurationDelegate - Finished Spring Data repository scanning in 18 ms. Found 2 JPA repository interfaces.
2022-07-04_10-30-45 [restartedMain] INFO  o.s.cloud.context.scope.GenericScope - BeanFactory id=670aa895-3703-37d0-b93e-4680eff73cf2
2022-07-04_10-30-45 [restartedMain] INFO  o.s.b.w.e.tomcat.TomcatWebServer - Tomcat initialized with port(s): 8400 (http)
2022-07-04_10-30-45 [restartedMain] INFO  o.a.coyote.http11.Http11NioProtocol - Initializing ProtocolHandler ["http-nio-8400"]
2022-07-04_10-30-45 [restartedMain] INFO  o.a.catalina.core.StandardService - Starting service [Tomcat]
2022-07-04_10-30-45 [restartedMain] INFO  o.a.catalina.core.StandardEngine - Starting Servlet engine: [Apache Tomcat/9.0.41]
2022-07-04_10-30-45 [restartedMain] INFO  o.a.c.c.C.[.[localhost].[/auth] - Initializing Spring embedded WebApplicationContext
2022-07-04_10-30-45 [restartedMain] INFO  o.s.b.w.s.c.ServletWebServerApplicationContext - Root WebApplicationContext: initialization completed in 686 ms
2022-07-04_10-30-45 [restartedMain] INFO  com.zaxxer.hikari.HikariDataSource - HikariPool-3 - Starting...
2022-07-04_10-30-45 [restartedMain] INFO  com.zaxxer.hikari.HikariDataSource - HikariPool-3 - Start completed.
2022-07-04_10-30-45 [restartedMain] INFO  o.a.catalina.core.StandardService - Stopping service [Tomcat]
2022-07-04_10-30-45 [restartedMain] INFO  o.s.b.a.l.ConditionEvaluationReportLoggingListener - 

Error starting ApplicationContext. To display the conditions report re-run your application with 'debug' enabled.
2022-07-04_10-31-13 [restartedMain] INFO  c.c.a.AuthorizatiionMicroserviceApplication - Starting AuthorizatiionMicroserviceApplication using Java 17.0.2 on DESKTOP-QK65601 with PID 7216 (D:\cognizant training\Project\ArticlePoint\Authorizatiion-Microservice\target\classes started by HP in D:\cognizant training\Project\ArticlePoint\Authorizatiion-Microservice)
2022-07-04_10-31-13 [restartedMain] INFO  c.c.a.AuthorizatiionMicroserviceApplication - No active profile set, falling back to default profiles: default
2022-07-04_10-31-13 [restartedMain] INFO  o.s.b.d.e.DevToolsPropertyDefaultsPostProcessor - Devtools property defaults active! Set 'spring.devtools.add-properties' to 'false' to disable
2022-07-04_10-31-13 [restartedMain] INFO  o.s.b.d.e.DevToolsPropertyDefaultsPostProcessor - For additional web related logging consider setting the 'logging.level.web' property to 'DEBUG'
2022-07-04_10-31-13 [restartedMain] INFO  o.s.d.r.c.RepositoryConfigurationDelegate - Bootstrapping Spring Data JPA repositories in DEFAULT mode.
2022-07-04_10-31-13 [restartedMain] INFO  o.s.d.r.c.RepositoryConfigurationDelegate - Finished Spring Data repository scanning in 163 ms. Found 2 JPA repository interfaces.
2022-07-04_10-31-13 [restartedMain] INFO  o.s.cloud.context.scope.GenericScope - BeanFactory id=670aa895-3703-37d0-b93e-4680eff73cf2
2022-07-04_10-31-13 [restartedMain] INFO  o.s.b.w.e.tomcat.TomcatWebServer - Tomcat initialized with port(s): 8400 (http)
2022-07-04_10-31-13 [restartedMain] INFO  o.a.coyote.http11.Http11NioProtocol - Initializing ProtocolHandler ["http-nio-8400"]
2022-07-04_10-31-13 [restartedMain] INFO  o.a.catalina.core.StandardService - Starting service [Tomcat]
2022-07-04_10-31-13 [restartedMain] INFO  o.a.catalina.core.StandardEngine - Starting Servlet engine: [Apache Tomcat/9.0.41]
2022-07-04_10-31-13 [restartedMain] INFO  o.a.c.c.C.[.[localhost].[/auth] - Initializing Spring embedded WebApplicationContext
2022-07-04_10-31-13 [restartedMain] INFO  o.s.b.w.s.c.ServletWebServerApplicationContext - Root WebApplicationContext: initialization completed in 3527 ms
2022-07-04_10-31-13 [restartedMain] INFO  com.zaxxer.hikari.HikariDataSource - HikariPool-1 - Starting...
2022-07-04_10-31-13 [restartedMain] INFO  com.zaxxer.hikari.HikariDataSource - HikariPool-1 - Start completed.
2022-07-04_10-31-13 [restartedMain] INFO  o.s.b.a.h.H2ConsoleAutoConfiguration - H2 console available at '/db'. Database available at 'jdbc:h2:mem:articledb'
2022-07-04_10-31-13 [restartedMain] INFO  o.h.jpa.internal.util.LogHelper - HHH000204: Processing PersistenceUnitInfo [name: default]
2022-07-04_10-31-13 [restartedMain] INFO  org.hibernate.Version - HHH000412: Hibernate ORM core version 5.4.27.Final
2022-07-04_10-31-13 [restartedMain] INFO  o.h.annotations.common.Version - HCANN000001: Hibernate Commons Annotations {5.1.2.Final}
2022-07-04_10-31-13 [restartedMain] INFO  org.hibernate.dialect.Dialect - HHH000400: Using dialect: org.hibernate.dialect.H2Dialect
2022-07-04_10-31-13 [restartedMain] INFO  o.h.e.t.j.p.i.JtaPlatformInitiator - HHH000490: Using JtaPlatform implementation: [org.hibernate.engine.transaction.jta.platform.internal.NoJtaPlatform]
2022-07-04_10-31-13 [restartedMain] INFO  o.s.o.j.LocalContainerEntityManagerFactoryBean - Initialized JPA EntityManagerFactory for persistence unit 'default'
2022-07-04_10-31-13 [restartedMain] INFO  o.s.b.d.a.OptionalLiveReloadServer - LiveReload server is running on port 35729
2022-07-04_10-31-13 [restartedMain] INFO  s.d.s.w.PropertySourcedRequestMappingHandlerMapping - Mapped URL path [/v2/api-docs] onto method [springfox.documentation.swagger2.web.Swagger2Controller#getDocumentation(String, HttpServletRequest)]
2022-07-04_10-31-13 [restartedMain] INFO  o.s.s.web.DefaultSecurityFilterChain - Will secure any request with [org.springframework.security.web.context.request.async.WebAsyncManagerIntegrationFilter@78983904, org.springframework.security.web.context.SecurityContextPersistenceFilter@714b3376, org.springframework.security.web.header.HeaderWriterFilter@26a519e9, org.springframework.security.web.authentication.logout.LogoutFilter@3da96500, com.cts.authorization.config.JwtRequestFilter@1f892ab7, org.springframework.security.web.savedrequest.RequestCacheAwareFilter@50343b97, org.springframework.security.web.servletapi.SecurityContextHolderAwareRequestFilter@4e0ad9b1, org.springframework.security.web.authentication.AnonymousAuthenticationFilter@cd9b6d7, org.springframework.security.web.session.SessionManagementFilter@5b5d2bce, org.springframework.security.web.access.ExceptionTranslationFilter@1f0f6141, org.springframework.security.web.access.intercept.FilterSecurityInterceptor@3ba6dac2]
2022-07-04_10-31-13 [restartedMain] INFO  o.s.s.c.ThreadPoolTaskExecutor - Initializing ExecutorService 'applicationTaskExecutor'
2022-07-04_10-31-13 [restartedMain] INFO  o.a.coyote.http11.Http11NioProtocol - Starting ProtocolHandler ["http-nio-8400"]
2022-07-04_10-31-13 [restartedMain] INFO  o.s.b.w.e.tomcat.TomcatWebServer - Tomcat started on port(s): 8400 (http) with context path '/auth'
2022-07-04_10-31-13 [restartedMain] INFO  s.d.s.w.p.DocumentationPluginsBootstrapper - Context refreshed
2022-07-04_10-31-13 [restartedMain] INFO  s.d.s.w.p.DocumentationPluginsBootstrapper - Found 1 custom documentation plugin(s)
2022-07-04_10-31-13 [restartedMain] INFO  s.d.s.w.s.ApiListingReferenceScanner - Scanning for api listing references
2022-07-04_10-31-13 [restartedMain] INFO  c.c.a.AuthorizatiionMicroserviceApplication - Started AuthorizatiionMicroserviceApplication in 9.789 seconds (JVM running for 10.607)
2022-07-04_10-31-13 [http-nio-8400-exec-1] INFO  o.a.c.c.C.[.[localhost].[/auth] - Initializing Spring DispatcherServlet 'dispatcherServlet'
2022-07-04_10-31-13 [http-nio-8400-exec-1] INFO  o.s.web.servlet.DispatcherServlet - Initializing Servlet 'dispatcherServlet'
2022-07-04_10-31-13 [http-nio-8400-exec-1] INFO  o.s.web.servlet.DispatcherServlet - Completed initialization in 1 ms
2022-07-04_10-31-13 [http-nio-8400-exec-1] INFO  c.c.a.config.JwtRequestFilter - JWT Token does not begin with Bearer String
2022-07-04_10-31-13 [http-nio-8400-exec-1] INFO  c.c.a.config.JwtRequestFilter - INVALID_CREDENTIALS
2022-07-04_10-31-13 [Thread-6] INFO  o.s.s.c.ThreadPoolTaskExecutor - Shutting down ExecutorService 'applicationTaskExecutor'
2022-07-04_10-31-13 [Thread-6] INFO  o.s.o.j.LocalContainerEntityManagerFactoryBean - Closing JPA EntityManagerFactory for persistence unit 'default'
2022-07-04_10-31-13 [Thread-6] INFO  o.h.t.s.i.SchemaDropperImpl$DelayedDropActionImpl - HHH000477: Starting delayed evictData of schema as part of SessionFactory shut-down'
2022-07-04_10-31-13 [Thread-6] INFO  com.zaxxer.hikari.HikariDataSource - HikariPool-1 - Shutdown initiated...
2022-07-04_10-31-13 [Thread-6] INFO  com.zaxxer.hikari.HikariDataSource - HikariPool-1 - Shutdown completed.
2022-07-04_10-33-31 [restartedMain] INFO  c.c.a.AuthorizatiionMicroserviceApplication - Starting AuthorizatiionMicroserviceApplication using Java 17.0.2 on DESKTOP-QK65601 with PID 7216 (D:\cognizant training\Project\ArticlePoint\Authorizatiion-Microservice\target\classes started by HP in D:\cognizant training\Project\ArticlePoint\Authorizatiion-Microservice)
2022-07-04_10-33-31 [restartedMain] INFO  c.c.a.AuthorizatiionMicroserviceApplication - No active profile set, falling back to default profiles: default
2022-07-04_10-33-31 [restartedMain] INFO  o.s.d.r.c.RepositoryConfigurationDelegate - Bootstrapping Spring Data JPA repositories in DEFAULT mode.
2022-07-04_10-33-31 [restartedMain] INFO  o.s.d.r.c.RepositoryConfigurationDelegate - Finished Spring Data repository scanning in 19 ms. Found 2 JPA repository interfaces.
2022-07-04_10-33-31 [restartedMain] INFO  o.s.cloud.context.scope.GenericScope - BeanFactory id=670aa895-3703-37d0-b93e-4680eff73cf2
2022-07-04_10-33-31 [restartedMain] INFO  o.s.b.w.e.tomcat.TomcatWebServer - Tomcat initialized with port(s): 8400 (http)
2022-07-04_10-33-31 [restartedMain] INFO  o.a.coyote.http11.Http11NioProtocol - Initializing ProtocolHandler ["http-nio-8400"]
2022-07-04_10-33-31 [restartedMain] INFO  o.a.catalina.core.StandardService - Starting service [Tomcat]
2022-07-04_10-33-31 [restartedMain] INFO  o.a.catalina.core.StandardEngine - Starting Servlet engine: [Apache Tomcat/9.0.41]
2022-07-04_10-33-31 [restartedMain] INFO  o.a.c.c.C.[.[localhost].[/auth] - Initializing Spring embedded WebApplicationContext
2022-07-04_10-33-31 [restartedMain] INFO  o.s.b.w.s.c.ServletWebServerApplicationContext - Root WebApplicationContext: initialization completed in 690 ms
2022-07-04_10-33-31 [restartedMain] INFO  com.zaxxer.hikari.HikariDataSource - HikariPool-2 - Starting...
2022-07-04_10-33-31 [restartedMain] INFO  com.zaxxer.hikari.HikariDataSource - HikariPool-2 - Start completed.
2022-07-04_10-33-31 [restartedMain] INFO  o.s.b.a.h.H2ConsoleAutoConfiguration - H2 console available at '/db'. Database available at 'jdbc:h2:mem:articledb'
2022-07-04_10-33-31 [restartedMain] INFO  o.h.jpa.internal.util.LogHelper - HHH000204: Processing PersistenceUnitInfo [name: default]
2022-07-04_10-33-31 [restartedMain] INFO  org.hibernate.dialect.Dialect - HHH000400: Using dialect: org.hibernate.dialect.H2Dialect
2022-07-04_10-33-31 [restartedMain] INFO  o.h.e.t.j.p.i.JtaPlatformInitiator - HHH000490: Using JtaPlatform implementation: [org.hibernate.engine.transaction.jta.platform.internal.NoJtaPlatform]
2022-07-04_10-33-31 [restartedMain] INFO  o.s.o.j.LocalContainerEntityManagerFactoryBean - Initialized JPA EntityManagerFactory for persistence unit 'default'
2022-07-04_10-33-31 [restartedMain] INFO  o.s.b.d.a.OptionalLiveReloadServer - LiveReload server is running on port 35729
2022-07-04_10-33-31 [restartedMain] INFO  s.d.s.w.PropertySourcedRequestMappingHandlerMapping - Mapped URL path [/v2/api-docs] onto method [springfox.documentation.swagger2.web.Swagger2Controller#getDocumentation(String, HttpServletRequest)]
2022-07-04_10-33-31 [restartedMain] INFO  o.s.s.web.DefaultSecurityFilterChain - Will secure any request with [org.springframework.security.web.context.request.async.WebAsyncManagerIntegrationFilter@21bd7bc5, org.springframework.security.web.context.SecurityContextPersistenceFilter@32bc324d, org.springframework.security.web.header.HeaderWriterFilter@dfdb473, org.springframework.security.web.authentication.logout.LogoutFilter@20ac4fc4, com.cts.authorization.config.JwtRequestFilter@215d2c43, org.springframework.security.web.savedrequest.RequestCacheAwareFilter@426e1d01, org.springframework.security.web.servletapi.SecurityContextHolderAwareRequestFilter@22d07713, org.springframework.security.web.authentication.AnonymousAuthenticationFilter@144d3beb, org.springframework.security.web.session.SessionManagementFilter@4c63b666, org.springframework.security.web.access.ExceptionTranslationFilter@47e9b80, org.springframework.security.web.access.intercept.FilterSecurityInterceptor@11381a71]
2022-07-04_10-33-31 [restartedMain] INFO  o.s.s.c.ThreadPoolTaskExecutor - Initializing ExecutorService 'applicationTaskExecutor'
2022-07-04_10-33-31 [restartedMain] INFO  o.a.coyote.http11.Http11NioProtocol - Starting ProtocolHandler ["http-nio-8400"]
2022-07-04_10-33-31 [restartedMain] INFO  o.s.b.w.e.tomcat.TomcatWebServer - Tomcat started on port(s): 8400 (http) with context path '/auth'
2022-07-04_10-33-31 [restartedMain] INFO  s.d.s.w.p.DocumentationPluginsBootstrapper - Context refreshed
2022-07-04_10-33-31 [restartedMain] INFO  s.d.s.w.p.DocumentationPluginsBootstrapper - Found 1 custom documentation plugin(s)
2022-07-04_10-33-31 [restartedMain] INFO  s.d.s.w.s.ApiListingReferenceScanner - Scanning for api listing references
2022-07-04_10-33-31 [restartedMain] INFO  c.c.a.AuthorizatiionMicroserviceApplication - Started AuthorizatiionMicroserviceApplication in 2.666 seconds (JVM running for 141.604)
2022-07-04_10-33-31 [restartedMain] INFO  o.s.b.d.a.ConditionEvaluationDeltaLoggingListener - Condition evaluation unchanged
2022-07-04_10-33-31 [Thread-11] INFO  o.s.s.c.ThreadPoolTaskExecutor - Shutting down ExecutorService 'applicationTaskExecutor'
2022-07-04_10-33-31 [Thread-11] INFO  o.s.o.j.LocalContainerEntityManagerFactoryBean - Closing JPA EntityManagerFactory for persistence unit 'default'
2022-07-04_10-33-31 [Thread-11] INFO  o.h.t.s.i.SchemaDropperImpl$DelayedDropActionImpl - HHH000477: Starting delayed evictData of schema as part of SessionFactory shut-down'
2022-07-04_10-33-31 [Thread-11] INFO  com.zaxxer.hikari.HikariDataSource - HikariPool-2 - Shutdown initiated...
2022-07-04_10-33-31 [Thread-11] INFO  com.zaxxer.hikari.HikariDataSource - HikariPool-2 - Shutdown completed.
2022-07-04_10-34-07 [restartedMain] INFO  c.c.a.AuthorizatiionMicroserviceApplication - Starting AuthorizatiionMicroserviceApplication using Java 17.0.2 on DESKTOP-QK65601 with PID 7216 (D:\cognizant training\Project\ArticlePoint\Authorizatiion-Microservice\target\classes started by HP in D:\cognizant training\Project\ArticlePoint\Authorizatiion-Microservice)
2022-07-04_10-34-07 [restartedMain] INFO  c.c.a.AuthorizatiionMicroserviceApplication - No active profile set, falling back to default profiles: default
2022-07-04_10-34-07 [restartedMain] INFO  o.s.d.r.c.RepositoryConfigurationDelegate - Bootstrapping Spring Data JPA repositories in DEFAULT mode.
2022-07-04_10-34-07 [restartedMain] INFO  o.s.d.r.c.RepositoryConfigurationDelegate - Finished Spring Data repository scanning in 16 ms. Found 2 JPA repository interfaces.
2022-07-04_10-34-07 [restartedMain] INFO  o.s.cloud.context.scope.GenericScope - BeanFactory id=670aa895-3703-37d0-b93e-4680eff73cf2
2022-07-04_10-34-07 [restartedMain] INFO  o.s.b.w.e.tomcat.TomcatWebServer - Tomcat initialized with port(s): 8400 (http)
2022-07-04_10-34-07 [restartedMain] INFO  o.a.coyote.http11.Http11NioProtocol - Initializing ProtocolHandler ["http-nio-8400"]
2022-07-04_10-34-07 [restartedMain] INFO  o.a.catalina.core.StandardService - Starting service [Tomcat]
2022-07-04_10-34-07 [restartedMain] INFO  o.a.catalina.core.StandardEngine - Starting Servlet engine: [Apache Tomcat/9.0.41]
2022-07-04_10-34-07 [restartedMain] INFO  o.a.c.c.C.[.[localhost].[/auth] - Initializing Spring embedded WebApplicationContext
2022-07-04_10-34-07 [restartedMain] INFO  o.s.b.w.s.c.ServletWebServerApplicationContext - Root WebApplicationContext: initialization completed in 803 ms
2022-07-04_10-34-07 [restartedMain] INFO  com.zaxxer.hikari.HikariDataSource - HikariPool-3 - Starting...
2022-07-04_10-34-07 [restartedMain] INFO  com.zaxxer.hikari.HikariDataSource - HikariPool-3 - Start completed.
2022-07-04_10-34-07 [restartedMain] INFO  o.s.b.a.h.H2ConsoleAutoConfiguration - H2 console available at '/db'. Database available at 'jdbc:h2:mem:articledb'
2022-07-04_10-34-07 [restartedMain] INFO  o.h.jpa.internal.util.LogHelper - HHH000204: Processing PersistenceUnitInfo [name: default]
2022-07-04_10-34-07 [restartedMain] INFO  org.hibernate.dialect.Dialect - HHH000400: Using dialect: org.hibernate.dialect.H2Dialect
2022-07-04_10-34-07 [restartedMain] INFO  o.h.e.t.j.p.i.JtaPlatformInitiator - HHH000490: Using JtaPlatform implementation: [org.hibernate.engine.transaction.jta.platform.internal.NoJtaPlatform]
2022-07-04_10-34-07 [restartedMain] INFO  o.s.o.j.LocalContainerEntityManagerFactoryBean - Initialized JPA EntityManagerFactory for persistence unit 'default'
2022-07-04_10-34-07 [restartedMain] INFO  o.s.b.d.a.OptionalLiveReloadServer - LiveReload server is running on port 35729
2022-07-04_10-34-07 [restartedMain] INFO  s.d.s.w.PropertySourcedRequestMappingHandlerMapping - Mapped URL path [/v2/api-docs] onto method [springfox.documentation.swagger2.web.Swagger2Controller#getDocumentation(String, HttpServletRequest)]
2022-07-04_10-34-07 [restartedMain] INFO  o.s.s.web.DefaultSecurityFilterChain - Will secure any request with [org.springframework.security.web.context.request.async.WebAsyncManagerIntegrationFilter@6f343435, org.springframework.security.web.context.SecurityContextPersistenceFilter@4b27ad78, org.springframework.security.web.header.HeaderWriterFilter@1f7f634e, org.springframework.security.web.authentication.logout.LogoutFilter@7e31929b, com.cts.authorization.config.JwtRequestFilter@6f6021f, org.springframework.security.web.savedrequest.RequestCacheAwareFilter@2f05c300, org.springframework.security.web.servletapi.SecurityContextHolderAwareRequestFilter@4b04a0bd, org.springframework.security.web.authentication.AnonymousAuthenticationFilter@11bbd10f, org.springframework.security.web.session.SessionManagementFilter@40b06f95, org.springframework.security.web.access.ExceptionTranslationFilter@3e8b49bd, org.springframework.security.web.access.intercept.FilterSecurityInterceptor@248dff2a]
2022-07-04_10-34-07 [restartedMain] INFO  o.s.s.c.ThreadPoolTaskExecutor - Initializing ExecutorService 'applicationTaskExecutor'
2022-07-04_10-34-07 [restartedMain] INFO  o.a.coyote.http11.Http11NioProtocol - Starting ProtocolHandler ["http-nio-8400"]
2022-07-04_10-34-07 [restartedMain] INFO  o.s.b.w.e.tomcat.TomcatWebServer - Tomcat started on port(s): 8400 (http) with context path '/auth'
2022-07-04_10-34-07 [restartedMain] INFO  s.d.s.w.p.DocumentationPluginsBootstrapper - Context refreshed
2022-07-04_10-34-07 [restartedMain] INFO  s.d.s.w.p.DocumentationPluginsBootstrapper - Found 1 custom documentation plugin(s)
2022-07-04_10-34-07 [restartedMain] INFO  s.d.s.w.s.ApiListingReferenceScanner - Scanning for api listing references
2022-07-04_10-34-07 [restartedMain] INFO  c.c.a.AuthorizatiionMicroserviceApplication - Started AuthorizatiionMicroserviceApplication in 1.784 seconds (JVM running for 176.426)
2022-07-04_10-34-07 [restartedMain] INFO  o.s.b.d.a.ConditionEvaluationDeltaLoggingListener - Condition evaluation unchanged
2022-07-04_10-34-28 [restartedMain] INFO  c.c.a.AuthorizatiionMicroserviceApplication - Starting AuthorizatiionMicroserviceApplication using Java 17.0.2 on DESKTOP-QK65601 with PID 8944 (D:\cognizant training\Project\ArticlePoint\Authorizatiion-Microservice\target\classes started by HP in D:\cognizant training\Project\ArticlePoint\Authorizatiion-Microservice)
2022-07-04_10-34-28 [restartedMain] INFO  c.c.a.AuthorizatiionMicroserviceApplication - No active profile set, falling back to default profiles: default
2022-07-04_10-34-28 [restartedMain] INFO  o.s.b.d.e.DevToolsPropertyDefaultsPostProcessor - Devtools property defaults active! Set 'spring.devtools.add-properties' to 'false' to disable
2022-07-04_10-34-28 [restartedMain] INFO  o.s.b.d.e.DevToolsPropertyDefaultsPostProcessor - For additional web related logging consider setting the 'logging.level.web' property to 'DEBUG'
2022-07-04_10-34-28 [restartedMain] INFO  o.s.d.r.c.RepositoryConfigurationDelegate - Bootstrapping Spring Data JPA repositories in DEFAULT mode.
2022-07-04_10-34-28 [restartedMain] INFO  o.s.d.r.c.RepositoryConfigurationDelegate - Finished Spring Data repository scanning in 135 ms. Found 2 JPA repository interfaces.
2022-07-04_10-34-28 [restartedMain] INFO  o.s.cloud.context.scope.GenericScope - BeanFactory id=670aa895-3703-37d0-b93e-4680eff73cf2
2022-07-04_10-34-28 [restartedMain] INFO  o.s.b.w.e.tomcat.TomcatWebServer - Tomcat initialized with port(s): 8400 (http)
2022-07-04_10-34-28 [restartedMain] INFO  o.a.coyote.http11.Http11NioProtocol - Initializing ProtocolHandler ["http-nio-8400"]
2022-07-04_10-34-28 [restartedMain] INFO  o.a.catalina.core.StandardService - Starting service [Tomcat]
2022-07-04_10-34-28 [restartedMain] INFO  o.a.catalina.core.StandardEngine - Starting Servlet engine: [Apache Tomcat/9.0.41]
2022-07-04_10-34-28 [restartedMain] INFO  o.a.c.c.C.[.[localhost].[/auth] - Initializing Spring embedded WebApplicationContext
2022-07-04_10-34-28 [restartedMain] INFO  o.s.b.w.s.c.ServletWebServerApplicationContext - Root WebApplicationContext: initialization completed in 3391 ms
2022-07-04_10-34-28 [restartedMain] INFO  com.zaxxer.hikari.HikariDataSource - HikariPool-1 - Starting...
2022-07-04_10-34-28 [restartedMain] INFO  com.zaxxer.hikari.HikariDataSource - HikariPool-1 - Start completed.
2022-07-04_10-34-28 [restartedMain] INFO  o.s.b.a.h.H2ConsoleAutoConfiguration - H2 console available at '/db'. Database available at 'jdbc:h2:mem:articledb'
2022-07-04_10-34-28 [restartedMain] INFO  o.h.jpa.internal.util.LogHelper - HHH000204: Processing PersistenceUnitInfo [name: default]
2022-07-04_10-34-28 [restartedMain] INFO  org.hibernate.Version - HHH000412: Hibernate ORM core version 5.4.27.Final
2022-07-04_10-34-28 [restartedMain] INFO  o.h.annotations.common.Version - HCANN000001: Hibernate Commons Annotations {5.1.2.Final}
2022-07-04_10-34-28 [restartedMain] INFO  org.hibernate.dialect.Dialect - HHH000400: Using dialect: org.hibernate.dialect.H2Dialect
2022-07-04_10-34-28 [restartedMain] INFO  o.h.e.t.j.p.i.JtaPlatformInitiator - HHH000490: Using JtaPlatform implementation: [org.hibernate.engine.transaction.jta.platform.internal.NoJtaPlatform]
2022-07-04_10-34-28 [restartedMain] INFO  o.s.o.j.LocalContainerEntityManagerFactoryBean - Initialized JPA EntityManagerFactory for persistence unit 'default'
2022-07-04_10-34-28 [restartedMain] INFO  o.s.b.d.a.OptionalLiveReloadServer - LiveReload server is running on port 35729
2022-07-04_10-34-28 [restartedMain] INFO  s.d.s.w.PropertySourcedRequestMappingHandlerMapping - Mapped URL path [/v2/api-docs] onto method [springfox.documentation.swagger2.web.Swagger2Controller#getDocumentation(String, HttpServletRequest)]
2022-07-04_10-34-28 [restartedMain] INFO  o.s.s.web.DefaultSecurityFilterChain - Will secure any request with [org.springframework.security.web.context.request.async.WebAsyncManagerIntegrationFilter@248ed85d, org.springframework.security.web.context.SecurityContextPersistenceFilter@7d128adf, org.springframework.security.web.header.HeaderWriterFilter@1a7ed07a, org.springframework.security.web.authentication.logout.LogoutFilter@608dcaa1, com.cts.authorization.config.JwtRequestFilter@20e5533a, org.springframework.security.web.savedrequest.RequestCacheAwareFilter@65b51787, org.springframework.security.web.servletapi.SecurityContextHolderAwareRequestFilter@4998347, org.springframework.security.web.authentication.AnonymousAuthenticationFilter@7efbca36, org.springframework.security.web.session.SessionManagementFilter@12f66cfd, org.springframework.security.web.access.ExceptionTranslationFilter@f278c79, org.springframework.security.web.access.intercept.FilterSecurityInterceptor@30274533]
2022-07-04_10-34-28 [restartedMain] INFO  o.s.s.c.ThreadPoolTaskExecutor - Initializing ExecutorService 'applicationTaskExecutor'
2022-07-04_10-34-28 [restartedMain] INFO  o.a.coyote.http11.Http11NioProtocol - Starting ProtocolHandler ["http-nio-8400"]
2022-07-04_10-34-28 [restartedMain] INFO  o.s.b.w.e.tomcat.TomcatWebServer - Tomcat started on port(s): 8400 (http) with context path '/auth'
2022-07-04_10-34-28 [restartedMain] INFO  s.d.s.w.p.DocumentationPluginsBootstrapper - Context refreshed
2022-07-04_10-34-28 [restartedMain] INFO  s.d.s.w.p.DocumentationPluginsBootstrapper - Found 1 custom documentation plugin(s)
2022-07-04_10-34-28 [restartedMain] INFO  s.d.s.w.s.ApiListingReferenceScanner - Scanning for api listing references
2022-07-04_10-34-28 [restartedMain] INFO  c.c.a.AuthorizatiionMicroserviceApplication - Started AuthorizatiionMicroserviceApplication in 9.968 seconds (JVM running for 10.781)
2022-07-04_10-34-28 [http-nio-8400-exec-1] INFO  o.a.c.c.C.[.[localhost].[/auth] - Initializing Spring DispatcherServlet 'dispatcherServlet'
2022-07-04_10-34-28 [http-nio-8400-exec-1] INFO  o.s.web.servlet.DispatcherServlet - Initializing Servlet 'dispatcherServlet'
2022-07-04_10-34-28 [http-nio-8400-exec-1] INFO  o.s.web.servlet.DispatcherServlet - Completed initialization in 2 ms
2022-07-04_10-34-28 [http-nio-8400-exec-1] INFO  c.c.a.config.JwtRequestFilter - JWT Token does not begin with Bearer String
2022-07-04_10-34-28 [http-nio-8400-exec-1] INFO  c.c.a.service.JwtUserDetailsService - User found
2022-07-04_10-34-28 [http-nio-8400-exec-1] INFO  c.c.a.service.JwtUserDetailsService - user successfully located
2022-07-04_10-34-28 [http-nio-8400-exec-1] INFO  c.c.a.service.JwtUserDetailsService - User found
2022-07-04_10-34-28 [http-nio-8400-exec-1] INFO  c.c.a.service.JwtUserDetailsService - user successfully located
2022-07-04_10-34-28 [http-nio-8400-exec-7] INFO  c.c.a.config.JwtRequestFilter - JWT Token does not begin with Bearer String
2022-07-04_10-34-28 [http-nio-8400-exec-9] INFO  c.c.a.config.JwtRequestFilter - JWT Token does not begin with Bearer String
2022-07-04_10-34-28 [http-nio-8400-exec-9] INFO  c.c.a.service.JwtUserDetailsService - User found
2022-07-04_10-34-28 [http-nio-8400-exec-9] INFO  c.c.a.service.JwtUserDetailsService - user successfully located
2022-07-04_10-34-28 [http-nio-8400-exec-9] INFO  c.c.a.service.JwtUserDetailsService - User found
2022-07-04_10-34-28 [http-nio-8400-exec-9] INFO  c.c.a.service.JwtUserDetailsService - user successfully located
